<?xml version="1.0" encoding="UTF-8"?>
<!-- Generated by org.testng.reporters.JUnitReportReporter -->
<testsuite hostname="hydws72702" name="memdesk.FirstFile" tests="1" failures="0" timestamp="11 Feb 2019 06:21:39 GMT" time="10.105" errors="0">
  <testcase name="test_123" time="10.105" classname="memdesk.FirstFile"/>
</testsuite> <!-- memdesk.FirstFile -->
