<?xml version="1.0" encoding="UTF-8"?>
<!-- Generated by org.testng.reporters.JUnitReportReporter -->
<testsuite skipped="0" hostname="hydws72702" name="dataProvider.MyTests" tests="4" failures="0" timestamp="06 Mar 2019 06:13:36 GMT" time="140.662" errors="0">
  <testcase name="regstration" time="33.991" classname="dataProvider.MyTests"/>
  <testcase name="regstration" time="34.628" classname="dataProvider.MyTests"/>
  <testcase name="regstration" time="38.008" classname="dataProvider.MyTests"/>
  <testcase name="regstration" time="34.035" classname="dataProvider.MyTests"/>
</testsuite> <!-- dataProvider.MyTests -->
