<?xml version="1.0" encoding="UTF-8"?>
<!-- Generated by org.testng.reporters.JUnitReportReporter -->
<testsuite skipped="0" hostname="hydws72702" name="memdesk.SecondFile" tests="1" failures="0" timestamp="14 Feb 2019 09:34:11 GMT" time="276.519" errors="0">
  <testcase name="test2" time="276.519" classname="memdesk.SecondFile"/>
</testsuite> <!-- memdesk.SecondFile -->
