<?xml version="1.0" encoding="UTF-8"?>
<!-- Generated by org.testng.reporters.JUnitReportReporter -->
<testsuite skipped="0" hostname="hydws72702" name="memdesk12.GmailScreenshot" tests="1" failures="0" timestamp="26 Feb 2019 05:54:35 GMT" time="9.494" errors="0">
  <testcase name="gmail" time="9.494" classname="memdesk12.GmailScreenshot"/>
</testsuite> <!-- memdesk12.GmailScreenshot -->
